2025-06-15T11:09:35.237994Z  INFO tailwindcss_oxide::scanner: Provided sources:
2025-06-15T11:09:35.238433Z  INFO tailwindcss_oxide::scanner: Source: PublicSourceEntry { base: "c:\\Users\\ascom\\Documents\\nextlab\\next-lab3", pattern: "**/*", negated: false }
2025-06-15T11:09:35.238945Z  INFO tailwindcss_oxide::scanner: Optimized sources:
2025-06-15T11:09:35.239001Z  INFO tailwindcss_oxide::scanner: Source: Auto { base: "C:\\Users\\ascom\\Documents\\nextlab\\next-lab3" }
2025-06-15T11:09:35.248675Z  INFO get_files: tailwindcss_oxide::scanner: enter
2025-06-15T11:09:35.248769Z  INFO get_files:scan_sources: tailwindcss_oxide::scanner: enter
2025-06-15T11:09:35.253367Z  INFO get_files:scan_sources: tailwindcss_oxide::scanner: Discovering "C:\\Users\\ascom\\Documents\\nextlab\\next-lab3\\eslint.config.mjs"
2025-06-15T11:09:35.253671Z  INFO get_files:scan_sources: tailwindcss_oxide::scanner: Discovering "C:\\Users\\ascom\\Documents\\nextlab\\next-lab3\\models"
2025-06-15T11:09:35.254084Z  INFO get_files:scan_sources: tailwindcss_oxide::scanner: Discovering "C:\\Users\\ascom\\Documents\\nextlab\\next-lab3\\models\\User.tsx"
2025-06-15T11:09:35.254377Z  INFO get_files:scan_sources: tailwindcss_oxide::scanner: Discovering "C:\\Users\\ascom\\Documents\\nextlab\\next-lab3\\next.config.ts"
2025-06-15T11:09:35.255089Z  INFO get_files:scan_sources: tailwindcss_oxide::scanner: Discovering "C:\\Users\\ascom\\Documents\\nextlab\\next-lab3\\package.json"
2025-06-15T11:09:35.255310Z  INFO get_files:scan_sources: tailwindcss_oxide::scanner: Discovering "C:\\Users\\ascom\\Documents\\nextlab\\next-lab3\\postcss.config.mjs"
2025-06-15T11:09:35.255611Z  INFO get_files:scan_sources: tailwindcss_oxide::scanner: Discovering "C:\\Users\\ascom\\Documents\\nextlab\\next-lab3\\public"
2025-06-15T11:09:35.256056Z  INFO get_files:scan_sources: tailwindcss_oxide::scanner: Discovering "C:\\Users\\ascom\\Documents\\nextlab\\next-lab3\\public\\file.svg"
2025-06-15T11:09:35.256485Z  INFO get_files:scan_sources: tailwindcss_oxide::scanner: Discovering "C:\\Users\\ascom\\Documents\\nextlab\\next-lab3\\public\\globe.svg"
2025-06-15T11:09:35.256808Z  INFO get_files:scan_sources: tailwindcss_oxide::scanner: Discovering "C:\\Users\\ascom\\Documents\\nextlab\\next-lab3\\public\\next.svg"
2025-06-15T11:09:35.257077Z  INFO get_files:scan_sources: tailwindcss_oxide::scanner: Discovering "C:\\Users\\ascom\\Documents\\nextlab\\next-lab3\\public\\vercel.svg"
2025-06-15T11:09:35.257333Z  INFO get_files:scan_sources: tailwindcss_oxide::scanner: Discovering "C:\\Users\\ascom\\Documents\\nextlab\\next-lab3\\public\\window.svg"
2025-06-15T11:09:35.257590Z  INFO get_files:scan_sources: tailwindcss_oxide::scanner: Discovering "C:\\Users\\ascom\\Documents\\nextlab\\next-lab3\\README.md"
2025-06-15T11:09:35.257882Z  INFO get_files:scan_sources: tailwindcss_oxide::scanner: Discovering "C:\\Users\\ascom\\Documents\\nextlab\\next-lab3\\src"
2025-06-15T11:09:35.258339Z  INFO get_files:scan_sources: tailwindcss_oxide::scanner: Discovering "C:\\Users\\ascom\\Documents\\nextlab\\next-lab3\\src\\app"
2025-06-15T11:09:35.258715Z  INFO get_files:scan_sources: tailwindcss_oxide::scanner: Discovering "C:\\Users\\ascom\\Documents\\nextlab\\next-lab3\\src\\app\\actions.tsx"
2025-06-15T11:09:35.258991Z  INFO get_files:scan_sources: tailwindcss_oxide::scanner: Discovering "C:\\Users\\ascom\\Documents\\nextlab\\next-lab3\\src\\app\\api"
2025-06-15T11:09:35.259467Z  INFO get_files:scan_sources: tailwindcss_oxide::scanner: Discovering "C:\\Users\\ascom\\Documents\\nextlab\\next-lab3\\src\\app\\api\\auth"
2025-06-15T11:09:35.259897Z  INFO get_files:scan_sources: tailwindcss_oxide::scanner: Discovering "C:\\Users\\ascom\\Documents\\nextlab\\next-lab3\\src\\app\\api\\auth\\[...nextauth]"
2025-06-15T11:09:35.260255Z  INFO get_files:scan_sources: tailwindcss_oxide::scanner: Discovering "C:\\Users\\ascom\\Documents\\nextlab\\next-lab3\\src\\app\\api\\auth\\[...nextauth]\\route.tsx"
2025-06-15T11:09:35.260597Z  INFO get_files:scan_sources: tailwindcss_oxide::scanner: Discovering "C:\\Users\\ascom\\Documents\\nextlab\\next-lab3\\src\\app\\api\\users"
2025-06-15T11:09:35.261082Z  INFO get_files:scan_sources: tailwindcss_oxide::scanner: Discovering "C:\\Users\\ascom\\Documents\\nextlab\\next-lab3\\src\\app\\api\\users\\route.tsx"
2025-06-15T11:09:35.261357Z  INFO get_files:scan_sources: tailwindcss_oxide::scanner: Discovering "C:\\Users\\ascom\\Documents\\nextlab\\next-lab3\\src\\app\\api\\users\\[id]"
2025-06-15T11:09:35.261693Z  INFO get_files:scan_sources: tailwindcss_oxide::scanner: Discovering "C:\\Users\\ascom\\Documents\\nextlab\\next-lab3\\src\\app\\api\\users\\[id]\\route.tsx"
2025-06-15T11:09:35.262131Z  INFO get_files:scan_sources: tailwindcss_oxide::scanner: Discovering "C:\\Users\\ascom\\Documents\\nextlab\\next-lab3\\src\\app\\components"
2025-06-15T11:09:35.262534Z  INFO get_files:scan_sources: tailwindcss_oxide::scanner: Discovering "C:\\Users\\ascom\\Documents\\nextlab\\next-lab3\\src\\app\\components\\providers.tsx"
2025-06-15T11:09:35.262752Z  INFO get_files:scan_sources: tailwindcss_oxide::scanner: Discovering "C:\\Users\\ascom\\Documents\\nextlab\\next-lab3\\src\\app\\components\\SessionProvider.tsx"
2025-06-15T11:09:35.263029Z  INFO get_files:scan_sources: tailwindcss_oxide::scanner: Discovering "C:\\Users\\ascom\\Documents\\nextlab\\next-lab3\\src\\app\\globals.css"
2025-06-15T11:09:35.263241Z  INFO get_files:scan_sources: tailwindcss_oxide::scanner: Discovering "C:\\Users\\ascom\\Documents\\nextlab\\next-lab3\\src\\app\\layout.tsx"
2025-06-15T11:09:35.263484Z  INFO get_files:scan_sources: tailwindcss_oxide::scanner: Discovering "C:\\Users\\ascom\\Documents\\nextlab\\next-lab3\\src\\app\\page.tsx"
2025-06-15T11:09:35.263788Z  INFO get_files:scan_sources: tailwindcss_oxide::scanner: Discovering "C:\\Users\\ascom\\Documents\\nextlab\\next-lab3\\src\\app\\_lib"
2025-06-15T11:09:35.264196Z  INFO get_files:scan_sources: tailwindcss_oxide::scanner: Discovering "C:\\Users\\ascom\\Documents\\nextlab\\next-lab3\\src\\app\\_lib\\db.ts"
2025-06-15T11:09:35.264551Z  INFO get_files:scan_sources: tailwindcss_oxide::scanner: Discovering "C:\\Users\\ascom\\Documents\\nextlab\\next-lab3\\tsconfig.json"
2025-06-15T11:09:35.264875Z  INFO get_files:scan_sources: tailwindcss_oxide::scanner: exit
2025-06-15T11:09:35.266234Z  INFO get_files: tailwindcss_oxide::scanner: exit
2025-06-15T11:09:35.266583Z  INFO get_globs: tailwindcss_oxide::scanner: enter
2025-06-15T11:09:35.266617Z  INFO get_globs:scan_sources: tailwindcss_oxide::scanner: enter
2025-06-15T11:09:35.270585Z  INFO get_globs:scan_sources: tailwindcss_oxide::scanner: Discovering "C:\\Users\\ascom\\Documents\\nextlab\\next-lab3\\models"
2025-06-15T11:09:35.271920Z  INFO get_globs:scan_sources: tailwindcss_oxide::scanner: Discovering "C:\\Users\\ascom\\Documents\\nextlab\\next-lab3\\public"
2025-06-15T11:09:35.272962Z  INFO get_globs:scan_sources: tailwindcss_oxide::scanner: Discovering "C:\\Users\\ascom\\Documents\\nextlab\\next-lab3\\src"
2025-06-15T11:09:35.273413Z  INFO get_globs:scan_sources: tailwindcss_oxide::scanner: Discovering "C:\\Users\\ascom\\Documents\\nextlab\\next-lab3\\src\\app"
2025-06-15T11:09:35.274089Z  INFO get_globs:scan_sources: tailwindcss_oxide::scanner: Discovering "C:\\Users\\ascom\\Documents\\nextlab\\next-lab3\\src\\app\\api"
2025-06-15T11:09:35.274552Z  INFO get_globs:scan_sources: tailwindcss_oxide::scanner: Discovering "C:\\Users\\ascom\\Documents\\nextlab\\next-lab3\\src\\app\\api\\auth"
2025-06-15T11:09:35.274950Z  INFO get_globs:scan_sources: tailwindcss_oxide::scanner: Discovering "C:\\Users\\ascom\\Documents\\nextlab\\next-lab3\\src\\app\\api\\auth\\[...nextauth]"
2025-06-15T11:09:35.275584Z  INFO get_globs:scan_sources: tailwindcss_oxide::scanner: Discovering "C:\\Users\\ascom\\Documents\\nextlab\\next-lab3\\src\\app\\api\\users"
2025-06-15T11:09:35.276094Z  INFO get_globs:scan_sources: tailwindcss_oxide::scanner: Discovering "C:\\Users\\ascom\\Documents\\nextlab\\next-lab3\\src\\app\\api\\users\\[id]"
2025-06-15T11:09:35.276755Z  INFO get_globs:scan_sources: tailwindcss_oxide::scanner: Discovering "C:\\Users\\ascom\\Documents\\nextlab\\next-lab3\\src\\app\\components"
2025-06-15T11:09:35.278085Z  INFO get_globs:scan_sources: tailwindcss_oxide::scanner: Discovering "C:\\Users\\ascom\\Documents\\nextlab\\next-lab3\\src\\app\\_lib"
2025-06-15T11:09:35.278917Z  INFO get_globs:scan_sources: tailwindcss_oxide::scanner: exit
2025-06-15T11:09:35.289330Z  INFO get_globs: tailwindcss_oxide::scanner: exit
2025-06-15T11:09:35.427496Z  INFO tailwindcss_oxide::scanner: Provided sources:
2025-06-15T11:09:35.427531Z  INFO tailwindcss_oxide::scanner: Source: PublicSourceEntry { base: "c:\\Users\\ascom\\Documents\\nextlab\\next-lab3", pattern: "**/*", negated: false }
2025-06-15T11:09:35.427887Z  INFO tailwindcss_oxide::scanner: Optimized sources:
2025-06-15T11:09:35.427911Z  INFO tailwindcss_oxide::scanner: Source: Auto { base: "C:\\Users\\ascom\\Documents\\nextlab\\next-lab3" }
2025-06-15T11:09:35.428486Z  INFO get_files: tailwindcss_oxide::scanner: enter
2025-06-15T11:09:35.428518Z  INFO get_files:scan_sources: tailwindcss_oxide::scanner: enter
2025-06-15T11:09:35.531758Z  INFO get_files:scan_sources: tailwindcss_oxide::scanner: Discovering "C:\\Users\\ascom\\Documents\\nextlab\\next-lab3\\eslint.config.mjs"
2025-06-15T11:09:35.533128Z  INFO get_files:scan_sources: tailwindcss_oxide::scanner: Discovering "C:\\Users\\ascom\\Documents\\nextlab\\next-lab3\\models"
2025-06-15T11:09:35.537952Z  INFO get_files:scan_sources: tailwindcss_oxide::scanner: Discovering "C:\\Users\\ascom\\Documents\\nextlab\\next-lab3\\models\\User.tsx"
2025-06-15T11:09:35.540411Z  INFO get_files:scan_sources: tailwindcss_oxide::scanner: Discovering "C:\\Users\\ascom\\Documents\\nextlab\\next-lab3\\next.config.ts"
2025-06-15T11:09:35.552351Z  INFO get_files:scan_sources: tailwindcss_oxide::scanner: Discovering "C:\\Users\\ascom\\Documents\\nextlab\\next-lab3\\package.json"
2025-06-15T11:09:35.553179Z  INFO get_files:scan_sources: tailwindcss_oxide::scanner: Discovering "C:\\Users\\ascom\\Documents\\nextlab\\next-lab3\\postcss.config.mjs"
2025-06-15T11:09:35.556112Z  INFO get_files:scan_sources: tailwindcss_oxide::scanner: Discovering "C:\\Users\\ascom\\Documents\\nextlab\\next-lab3\\public"
2025-06-15T11:09:35.556832Z  INFO get_files:scan_sources: tailwindcss_oxide::scanner: Discovering "C:\\Users\\ascom\\Documents\\nextlab\\next-lab3\\public\\file.svg"
2025-06-15T11:09:35.557225Z  INFO get_files:scan_sources: tailwindcss_oxide::scanner: Discovering "C:\\Users\\ascom\\Documents\\nextlab\\next-lab3\\public\\globe.svg"
2025-06-15T11:09:35.558026Z  INFO get_files:scan_sources: tailwindcss_oxide::scanner: Discovering "C:\\Users\\ascom\\Documents\\nextlab\\next-lab3\\public\\next.svg"
2025-06-15T11:09:35.558337Z  INFO get_files:scan_sources: tailwindcss_oxide::scanner: Discovering "C:\\Users\\ascom\\Documents\\nextlab\\next-lab3\\public\\vercel.svg"
2025-06-15T11:09:35.558747Z  INFO get_files:scan_sources: tailwindcss_oxide::scanner: Discovering "C:\\Users\\ascom\\Documents\\nextlab\\next-lab3\\public\\window.svg"
2025-06-15T11:09:35.559142Z  INFO get_files:scan_sources: tailwindcss_oxide::scanner: Discovering "C:\\Users\\ascom\\Documents\\nextlab\\next-lab3\\README.md"
2025-06-15T11:09:35.559913Z  INFO get_files:scan_sources: tailwindcss_oxide::scanner: Discovering "C:\\Users\\ascom\\Documents\\nextlab\\next-lab3\\src"
2025-06-15T11:09:35.563056Z  INFO get_files:scan_sources: tailwindcss_oxide::scanner: Discovering "C:\\Users\\ascom\\Documents\\nextlab\\next-lab3\\src\\app"
2025-06-15T11:09:35.566933Z  INFO get_files:scan_sources: tailwindcss_oxide::scanner: Discovering "C:\\Users\\ascom\\Documents\\nextlab\\next-lab3\\src\\app\\actions.tsx"
2025-06-15T11:09:35.568583Z  INFO get_files:scan_sources: tailwindcss_oxide::scanner: Discovering "C:\\Users\\ascom\\Documents\\nextlab\\next-lab3\\src\\app\\api"
2025-06-15T11:09:35.571944Z  INFO get_files:scan_sources: tailwindcss_oxide::scanner: Discovering "C:\\Users\\ascom\\Documents\\nextlab\\next-lab3\\src\\app\\api\\auth"
2025-06-15T11:09:35.572778Z  INFO get_files:scan_sources: tailwindcss_oxide::scanner: Discovering "C:\\Users\\ascom\\Documents\\nextlab\\next-lab3\\src\\app\\api\\auth\\[...nextauth]"
2025-06-15T11:09:35.576387Z  INFO get_files:scan_sources: tailwindcss_oxide::scanner: Discovering "C:\\Users\\ascom\\Documents\\nextlab\\next-lab3\\src\\app\\api\\auth\\[...nextauth]\\route.tsx"
2025-06-15T11:09:35.577393Z  INFO get_files:scan_sources: tailwindcss_oxide::scanner: Discovering "C:\\Users\\ascom\\Documents\\nextlab\\next-lab3\\src\\app\\api\\users"
2025-06-15T11:09:35.669199Z  INFO get_files:scan_sources: tailwindcss_oxide::scanner: Discovering "C:\\Users\\ascom\\Documents\\nextlab\\next-lab3\\src\\app\\api\\users\\route.tsx"
2025-06-15T11:09:35.669755Z  INFO get_files:scan_sources: tailwindcss_oxide::scanner: Discovering "C:\\Users\\ascom\\Documents\\nextlab\\next-lab3\\src\\app\\api\\users\\[id]"
2025-06-15T11:09:35.671443Z  INFO get_files:scan_sources: tailwindcss_oxide::scanner: Discovering "C:\\Users\\ascom\\Documents\\nextlab\\next-lab3\\src\\app\\api\\users\\[id]\\route.tsx"
2025-06-15T11:09:35.672584Z  INFO get_files:scan_sources: tailwindcss_oxide::scanner: Discovering "C:\\Users\\ascom\\Documents\\nextlab\\next-lab3\\src\\app\\components"
2025-06-15T11:09:35.679939Z  INFO get_files:scan_sources: tailwindcss_oxide::scanner: Discovering "C:\\Users\\ascom\\Documents\\nextlab\\next-lab3\\src\\app\\components\\providers.tsx"
2025-06-15T11:09:35.680376Z  INFO get_files:scan_sources: tailwindcss_oxide::scanner: Discovering "C:\\Users\\ascom\\Documents\\nextlab\\next-lab3\\src\\app\\components\\SessionProvider.tsx"
2025-06-15T11:09:35.680996Z  INFO get_files:scan_sources: tailwindcss_oxide::scanner: Discovering "C:\\Users\\ascom\\Documents\\nextlab\\next-lab3\\src\\app\\globals.css"
2025-06-15T11:09:35.681402Z  INFO get_files:scan_sources: tailwindcss_oxide::scanner: Discovering "C:\\Users\\ascom\\Documents\\nextlab\\next-lab3\\src\\app\\layout.tsx"
2025-06-15T11:09:35.681777Z  INFO get_files:scan_sources: tailwindcss_oxide::scanner: Discovering "C:\\Users\\ascom\\Documents\\nextlab\\next-lab3\\src\\app\\page.tsx"
2025-06-15T11:09:35.682228Z  INFO get_files:scan_sources: tailwindcss_oxide::scanner: Discovering "C:\\Users\\ascom\\Documents\\nextlab\\next-lab3\\src\\app\\_lib"
2025-06-15T11:09:35.682766Z  INFO get_files:scan_sources: tailwindcss_oxide::scanner: Discovering "C:\\Users\\ascom\\Documents\\nextlab\\next-lab3\\src\\app\\_lib\\db.ts"
2025-06-15T11:09:35.683274Z  INFO get_files:scan_sources: tailwindcss_oxide::scanner: Discovering "C:\\Users\\ascom\\Documents\\nextlab\\next-lab3\\tsconfig.json"
2025-06-15T11:09:35.687338Z  INFO get_files:scan_sources: tailwindcss_oxide::scanner: exit
2025-06-15T11:09:35.688805Z  INFO get_files: tailwindcss_oxide::scanner: exit
2025-06-15T11:09:35.688914Z  INFO get_globs: tailwindcss_oxide::scanner: enter
2025-06-15T11:09:35.688939Z  INFO get_globs:scan_sources: tailwindcss_oxide::scanner: enter
2025-06-15T11:09:35.695756Z  INFO get_globs:scan_sources: tailwindcss_oxide::scanner: Discovering "C:\\Users\\ascom\\Documents\\nextlab\\next-lab3\\models"
2025-06-15T11:09:35.697619Z  INFO get_globs:scan_sources: tailwindcss_oxide::scanner: Discovering "C:\\Users\\ascom\\Documents\\nextlab\\next-lab3\\public"
2025-06-15T11:09:35.698806Z  INFO get_globs:scan_sources: tailwindcss_oxide::scanner: Discovering "C:\\Users\\ascom\\Documents\\nextlab\\next-lab3\\src"
2025-06-15T11:09:35.699271Z  INFO get_globs:scan_sources: tailwindcss_oxide::scanner: Discovering "C:\\Users\\ascom\\Documents\\nextlab\\next-lab3\\src\\app"
2025-06-15T11:09:35.699847Z  INFO get_globs:scan_sources: tailwindcss_oxide::scanner: Discovering "C:\\Users\\ascom\\Documents\\nextlab\\next-lab3\\src\\app\\api"
2025-06-15T11:09:35.700335Z  INFO get_globs:scan_sources: tailwindcss_oxide::scanner: Discovering "C:\\Users\\ascom\\Documents\\nextlab\\next-lab3\\src\\app\\api\\auth"
2025-06-15T11:09:35.700804Z  INFO get_globs:scan_sources: tailwindcss_oxide::scanner: Discovering "C:\\Users\\ascom\\Documents\\nextlab\\next-lab3\\src\\app\\api\\auth\\[...nextauth]"
2025-06-15T11:09:35.701503Z  INFO get_globs:scan_sources: tailwindcss_oxide::scanner: Discovering "C:\\Users\\ascom\\Documents\\nextlab\\next-lab3\\src\\app\\api\\users"
2025-06-15T11:09:35.702641Z  INFO get_globs:scan_sources: tailwindcss_oxide::scanner: Discovering "C:\\Users\\ascom\\Documents\\nextlab\\next-lab3\\src\\app\\api\\users\\[id]"
2025-06-15T11:09:35.708809Z  INFO get_globs:scan_sources: tailwindcss_oxide::scanner: Discovering "C:\\Users\\ascom\\Documents\\nextlab\\next-lab3\\src\\app\\components"
2025-06-15T11:09:35.710090Z  INFO get_globs:scan_sources: tailwindcss_oxide::scanner: Discovering "C:\\Users\\ascom\\Documents\\nextlab\\next-lab3\\src\\app\\_lib"
2025-06-15T11:09:35.711185Z  INFO get_globs:scan_sources: tailwindcss_oxide::scanner: exit
2025-06-15T11:09:35.849251Z  INFO get_globs: tailwindcss_oxide::scanner: exit
